nohup: 忽略输入
not found===== RARE METAL MATERIALS AND ENGINEERING {'Issn': '1002-185X', 'eIssn': '1002-185X', 'category': 'MATERIALS SCIENCE, MULTIDISCIPLINARY - SCIE$METALLURGY & METALLURGICAL ENGINEERING - SCIE', '2021-JIF': '0.537', '2021-Q': 'Q4', '2021-JCI': '0.09'}
not found===== Documenta Mathematica {'Issn': '1431-0643', 'eIssn': '1431-0643', 'category': 'MATHEMATICS - SCIE', '2021-JIF': '0.739', '2021-Q': 'Q3', '2021-JCI': '0.66'}
not found===== AQUA-Water Infrastructure Ecosystems and Society {'Issn': '2709-8028', 'eIssn': '2709-8036', 'category': 'ENGINEERING, CIVIL - SCIE$WATER RESOURCES - SCIE', '2021-JIF': 'N/A', '2021-Q': 'N/A', '2021-JCI': 'N/A'}
not found===== Bulletin de la Societe Linneenne de Lyon {'Issn': '2554-5280', 'eIssn': 'N/A', 'category': 'BIOLOGY - SCIE', '2021-JIF': '0.172', '2021-Q': 'Q4', '2021-JCI': '0.04'}
not found===== INTERNATIONAL JOURNAL OF INDUSTRIAL ENGINEERING-THEORY APPLICATIONS AND PRACTICE {'Issn': 'N/A', 'eIssn': '1943-670X', 'category': 'ENGINEERING, INDUSTRIAL - SCIE$ENGINEERING, MANUFACTURING - SCIE', '2021-JIF': '0.633', '2021-Q': 'Q4', '2021-JCI': '0.10'}
not found===== ERDE {'Issn': '0013-9998', 'eIssn': '0013-9998', 'category': 'GEOGRAPHY, PHYSICAL - SCIE$GEOSCIENCES, MULTIDISCIPLINARY - SCIE', '2021-JIF': '1.257', '2021-Q': 'Q4', '2021-JCI': '0.36'}
not found===== New York Journal of Mathematics {'Issn': '1076-9803', 'eIssn': 'N/A', 'category': 'MATHEMATICS - SCIE', '2021-JIF': '0.615', '2021-Q': 'Q4', '2021-JCI': '0.47'}
not found===== MEDICINA-BUENOS AIRES {'Issn': '0025-7680', 'eIssn': '1669-9106', 'category': 'MEDICINE, GENERAL & INTERNAL - SCIE', '2021-JIF': '0.960', '2021-Q': 'Q4', '2021-JCI': '0.15'}
not found===== Proceedings of the Romanian Academy Series A-Mathematics Physics Technical Sciences Information Science {'Issn': '1454-9069', 'eIssn': 'N/A', 'category': 'MULTIDISCIPLINARY SCIENCES - SCIE', '2021-JIF': '0.734', '2021-Q': 'Q4', '2021-JCI': '0.31'}
not found===== Correspondances en Metabolismes Hormones Diabetes et Nutrition {'Issn': '2100-9619', 'eIssn': 'N/A', 'category': 'ENDOCRINOLOGY & METABOLISM - SCIE$NUTRITION & DIETETICS - SCIE', '2021-JIF': '0.026', '2021-Q': 'Q4', '2021-JCI': '0.00'}
not found===== JOURNAL OF PHYSIOLOGY AND PHARMACOLOGY {'Issn': '0867-5910', 'eIssn': 'N/A', 'category': 'PHYSIOLOGY - SCIE', '2021-JIF': '2.589', '2021-Q': 'Q3', '2021-JCI': '0.65'}
not found===== BERICHTE UBER LANDWIRTSCHAFT {'Issn': '2196-5099', 'eIssn': 'N/A', 'category': 'AGRICULTURE, MULTIDISCIPLINARY - SCIE', '2021-JIF': '0.400', '2021-Q': 'Q4', '2021-JCI': '0.03'}
not found===== Zeitschrift fur Arznei- & Gewurzpflanzen {'Issn': '1431-9292', 'eIssn': 'N/A', 'category': 'PLANT SCIENCES - SCIE', '2021-JIF': '0.262', '2021-Q': 'Q4', '2021-JCI': '0.06'}
not found===== International Journal of Oral Implantology {'Issn': '2631-6420', 'eIssn': '2631-6439', 'category': 'DENTISTRY, ORAL SURGERY & MEDICINE - SCIE', '2021-JIF': '3.654', '2021-Q': 'Q2', '2021-JCI': '1.22'}
not found===== ENGINEERING JOURNAL-AMERICAN INSTITUTE OF STEEL CONSTRUCTION {'Issn': '0013-8029', 'eIssn': '0013-8029', 'category': 'CONSTRUCTION & BUILDING TECHNOLOGY - SCIE$ENGINEERING, CIVIL - SCIE', '2021-JIF': '0.889', '2021-Q': 'Q4', '2021-JCI': '0.09'}
not found===== JOURNAL OF APPLIED BOTANY AND FOOD QUALITY {'Issn': '1439-040X', 'eIssn': '1439-040X', 'category': 'PLANT SCIENCES - SCIE', '2021-JIF': '1.483', '2021-Q': 'Q3', '2021-JCI': '0.37'}
not found===== Revista de Nefrologia Dialisis y Trasplante {'Issn': '0326-3428', 'eIssn': '2346-8548', 'category': 'UROLOGY & NEPHROLOGY - SCIE', '2021-JIF': '0.203', '2021-Q': 'Q4', '2021-JCI': '0.04'}
not found===== Ad Hoc & Sensor Wireless Networks {'Issn': '1551-9899', 'eIssn': '1552-0633', 'category': 'COMPUTER SCIENCE, INFORMATION SYSTEMS - SCIE$TELECOMMUNICATIONS - SCIE', '2021-JIF': '0.400', '2021-Q': 'Q4', '2021-JCI': '0.17'}
not found===== Theoretical Biology Forum {'Issn': '2282-2593', 'eIssn': '2283-7175', 'category': 'BIOLOGY - SCIE', '2021-JIF': '0.455', '2021-Q': 'Q4', '2021-JCI': '0.04'}
not found===== Annali di Botanica {'Issn': '0365-0812', 'eIssn': '2239-3129', 'category': 'ENVIRONMENTAL SCIENCES - SCIE$PLANT SCIENCES - SCIE', '2021-JIF': '1.722', '2021-Q': 'Q3', '2021-JCI': '0.36'}
not found===== eMagRes {'Issn': '2055-6101', 'eIssn': '2055-6101', 'category': 'SPECTROSCOPY - SCIE', '2021-JIF': '0.852', '2021-Q': 'Q4', '2021-JCI': '0.44'}
not found===== ERNAHRUNGS UMSCHAU {'Issn': '0174-0008', 'eIssn': '0174-0008', 'category': 'NUTRITION & DIETETICS - SCIE', '2021-JIF': '0.500', '2021-Q': 'Q4', '2021-JCI': '0.07'}
not found===== Myrmecological News {'Issn': '1994-4136', 'eIssn': 'N/A', 'category': 'ENTOMOLOGY - SCIE', '2021-JIF': '4.000', '2021-Q': 'Q1', '2021-JCI': '0.87'}
not found===== AMPHIBIAN & REPTILE CONSERVATION {'Issn': '1083-446X', 'eIssn': 'N/A', 'category': 'ZOOLOGY - SCIE', '2021-JIF': '1.309', '2021-Q': 'Q3', '2021-JCI': '0.62'}
not found===== Revue Roumaine des Sciences Techniques-Serie Electrotechnique et Energetique {'Issn': '0035-4066', 'eIssn': 'N/A', 'category': 'ENGINEERING, ELECTRICAL & ELECTRONIC - SCIE', '2021-JIF': '0.670', '2021-Q': 'Q4', '2021-JCI': '0.16'}
not found===== Asian Myrmecology {'Issn': '1985-1944', 'eIssn': 'N/A', 'category': 'ENTOMOLOGY - SCIE', '2021-JIF': '0.333', '2021-Q': 'Q4', '2021-JCI': '0.31'}
not found===== VIE ET MILIEU-LIFE AND ENVIRONMENT {'Issn': '0240-8759', 'eIssn': 'N/A', 'category': 'ECOLOGY - SCIE$MARINE & FRESHWATER BIOLOGY - SCIE', '2021-JIF': '0.534', '2021-Q': 'Q4', '2021-JCI': '0.15'}
not found===== University Politehnica of Bucharest Scientific Bulletin-Series A-Applied Mathematics and Physics {'Issn': '1223-7027', 'eIssn': 'N/A', 'category': 'MATHEMATICS, APPLIED - SCIE$PHYSICS, MULTIDISCIPLINARY - SCIE', '2021-JIF': '1.160', '2021-Q': 'Q3', '2021-JCI': '0.40'}
not found===== IRANIAN JOURNAL OF CHEMISTRY & CHEMICAL ENGINEERING-INTERNATIONAL ENGLISH EDITION {'Issn': '1021-9986', 'eIssn': '1021-9986', 'category': 'CHEMISTRY, MULTIDISCIPLINARY - SCIE$ENGINEERING, CHEMICAL - SCIE', '2021-JIF': '1.903', '2021-Q': 'Q3', '2021-JCI': '0.20'}
not found===== INDIAN JOURNAL OF CHEMISTRY SECTION B-ORGANIC CHEMISTRY INCLUDING MEDICINAL CHEMISTRY {'Issn': '0376-4699', 'eIssn': '0019-5103', 'category': 'CHEMISTRY, ORGANIC - SCIE', '2021-JIF': '0.456', '2021-Q': 'Q4', '2021-JCI': '0.14'}
not found===== NOTORNIS {'Issn': '0029-4470', 'eIssn': '1177-7680', 'category': 'ORNITHOLOGY - SCIE', '2021-JIF': '0.500', '2021-Q': 'Q4', '2021-JCI': '0.93'}
not found===== Science and Technology of Energetic Materials {'Issn': '1347-9466', 'eIssn': 'N/A', 'category': 'CHEMISTRY, APPLIED - SCIE$CHEMISTRY, PHYSICAL - SCIE$ENGINEERING, CHEMICAL - SCIE$MATERIALS SCIENCE, MULTIDISCIPLINARY - SCIE', '2021-JIF': '0.383', '2021-Q': 'Q4', '2021-JCI': '0.06'}
not found===== TWMS Journal of Pure and Applied Mathematics {'Issn': '2076-2585', 'eIssn': '2219-1259', 'category': 'MATHEMATICS - SCIE$MATHEMATICS, APPLIED - SCIE', '2021-JIF': '2.722', '2021-Q': 'Q1', '2021-JCI': '1.40'}
not found===== Water Quality Research Journal {'Issn': '2709-8044', 'eIssn': '2709-8052', 'category': 'WATER RESOURCES - SCIE', '2021-JIF': 'N/A', '2021-Q': 'N/A', '2021-JCI': 'N/A'}
not found===== PULP & PAPER-CANADA {'Issn': '0316-4004', 'eIssn': '1923-3515', 'category': 'MATERIALS SCIENCE, PAPER & WOOD - SCIE', '2021-JIF': '0.059', '2021-Q': 'Q4', '2021-JCI': '0.00'}
not found===== ANIMAL SCIENCE PAPERS AND REPORTS {'Issn': '0860-4037', 'eIssn': 'N/A', 'category': 'AGRICULTURE, DAIRY & ANIMAL SCIENCE - SCIE', '2021-JIF': '0.967', '2021-Q': 'Q4', '2021-JCI': '0.30'}
not found===== Geriatrie et Psychologie Neuropsychiatrie de Vieillissement {'Issn': '2115-8789', 'eIssn': '2115-7863', 'category': 'PSYCHIATRY - SCIE$PSYCHOLOGY - SCIE', '2021-JIF': '0.667', '2021-Q': 'Q4', '2021-JCI': '0.18'}
not found===== MALIMBUS {'Issn': '0331-3689', 'eIssn': 'N/A', 'category': 'ORNITHOLOGY - SCIE', '2021-JIF': '0.154', '2021-Q': 'Q4', '2021-JCI': '0.15'}
not found===== Human-Wildlife Interactions {'Issn': '1934-4392', 'eIssn': '1936-8046', 'category': 'BIODIVERSITY CONSERVATION - SCIE$ECOLOGY - SCIE', '2021-JIF': '1.603', '2021-Q': 'Q3', '2021-JCI': '0.31'}
not found===== ATW-INTERNATIONAL JOURNAL FOR NUCLEAR POWER {'Issn': '1431-5254', 'eIssn': 'N/A', 'category': 'NUCLEAR SCIENCE & TECHNOLOGY - SCIE', '2021-JIF': '0.174', '2021-Q': 'Q4', '2021-JCI': '0.07'}
not found===== Ingegneria Sismica {'Issn': '0393-1420', 'eIssn': 'N/A', 'category': 'ENGINEERING, CIVIL - SCIE$ENGINEERING, GEOLOGICAL - SCIE', '2021-JIF': '2.875', '2021-Q': 'Q3', '2021-JCI': '0.70'}
not found===== Indian Journal of Geo-Marine Sciences {'Issn': '0379-5136', 'eIssn': '0975-1033', 'category': 'OCEANOGRAPHY - SCIE', '2021-JIF': '0.553', '2021-Q': 'Q4', '2021-JCI': '0.16'}
not found===== J-FOR-Journal of Science & Technology for Forest Products and Processes {'Issn': '1927-6311', 'eIssn': '1927-632X', 'category': 'MATERIALS SCIENCE, PAPER & WOOD - SCIE', '2021-JIF': '0.400', '2021-Q': 'Q4', '2021-JCI': '0.07'}
not found===== TAIWANIA {'Issn': '0372-333X', 'eIssn': 'N/A', 'category': 'PLANT SCIENCES - SCIE', '2021-JIF': '0.816', '2021-Q': 'Q4', '2021-JCI': '0.28'}
not found===== WILDFOWL {'Issn': '0954-6324', 'eIssn': '2052-6458', 'category': 'ORNITHOLOGY - SCIE', '2021-JIF': '1.094', '2021-Q': 'Q3', '2021-JCI': '0.89'}
not found===== Iranian Journal of Pharmaceutical Research {'Issn': '1735-0328', 'eIssn': '1726-6890', 'category': 'PHARMACOLOGY & PHARMACY - SCIE', '2021-JIF': '1.951', '2021-Q': 'Q4', '2021-JCI': '0.51'}
not found===== Veterinary Research Forum {'Issn': '2008-8140', 'eIssn': '2322-3618', 'category': 'ZOOLOGY - SCIE', '2021-JIF': '0.950', '2021-Q': 'Q4', '2021-JCI': '0.49'}
not found===== JOURNAL OF THE CANADIAN DENTAL ASSOCIATION {'Issn': '1488-2159', 'eIssn': 'N/A', 'category': 'DENTISTRY, ORAL SURGERY & MEDICINE - SCIE', '2021-JIF': '1.348', '2021-Q': 'Q4', '2021-JCI': '0.37'}
not found===== Epidemiologia & Prevenzione {'Issn': '1120-9763', 'eIssn': '2385-1937', 'category': 'PUBLIC, ENVIRONMENTAL & OCCUPATIONAL HEALTH - SCIE', '2021-JIF': '1.293', '2021-Q': 'Q4', '2021-JCI': '0.29'}
not found===== ZKG INTERNATIONAL {'Issn': '2366-1313', 'eIssn': 'N/A', 'category': 'CONSTRUCTION & BUILDING TECHNOLOGY - SCIE$MATERIALS SCIENCE, MULTIDISCIPLINARY - SCIE', '2021-JIF': '0.137', '2021-Q': 'Q4', '2021-JCI': '0.02'}
not found===== HYLE {'Issn': '1433-5158', 'eIssn': '1617-4240', 'category': 'CHEMISTRY, MULTIDISCIPLINARY - SCIE$HISTORY & PHILOSOPHY OF SCIENCE - SCIE', '2021-JIF': '0.167', '2021-Q': 'Q4', '2021-JCI': '0.16'}
not found===== QUINTESSENCE INTERNATIONAL {'Issn': '0033-6572', 'eIssn': '1936-7163', 'category': 'DENTISTRY, ORAL SURGERY & MEDICINE - SCIE', '2021-JIF': '2.175', '2021-Q': 'Q4', '2021-JCI': '0.79'}
not found===== SPECTROSCOPY {'Issn': '0887-6703', 'eIssn': 'N/A', 'category': 'SPECTROSCOPY - SCIE', '2021-JIF': '0.621', '2021-Q': 'Q4', '2021-JCI': '0.18'}
not found===== PHILIPPINE AGRICULTURAL SCIENTIST {'Issn': '0031-7454', 'eIssn': 'N/A', 'category': 'AGRICULTURE, MULTIDISCIPLINARY - SCIE', '2021-JIF': '0.191', '2021-Q': 'Q4', '2021-JCI': '0.08'}
not found===== Acta Phytotaxonomica et Geobotanica {'Issn': '1346-7565', 'eIssn': '2189-7042', 'category': 'PLANT SCIENCES - SCIE', '2021-JIF': '0.395', '2021-Q': 'Q4', '2021-JCI': '0.17'}
not found===== Petroleum Exploration and Development {'Issn': '1000-0747', 'eIssn': 'N/A', 'category': 'ENERGY & FUELS - SCIE$ENGINEERING, PETROLEUM - SCIE$GEOSCIENCES, MULTIDISCIPLINARY - SCIE', '2021-JIF': '5.194', '2021-Q': 'Q1', '2021-JCI': '1.02'}
not found===== JOURNAL OF THE SOCIETY OF LEATHER TECHNOLOGISTS AND CHEMISTS {'Issn': '0144-0322', 'eIssn': '0144-0322', 'category': 'MATERIALS SCIENCE, TEXTILES - SCIE', '2021-JIF': '0.531', '2021-Q': 'Q4', '2021-JCI': '0.15'}
not found===== Kuwait Medical Journal {'Issn': '0023-5776', 'eIssn': '0023-5776', 'category': 'MEDICINE, GENERAL & INTERNAL - SCIE', '2021-JIF': '0.075', '2021-Q': 'Q4', '2021-JCI': '0.03'}
not found===== BOLLETTINO DELLA SOCIETA PALEONTOLOGICA ITALIANA {'Issn': '0375-7633', 'eIssn': 'N/A', 'category': 'PALEONTOLOGY - SCIE', '2021-JIF': '1.595', '2021-Q': 'Q3', '2021-JCI': '0.87'}
not found===== China Petroleum Processing & Petrochemical Technology {'Issn': '1008-6234', 'eIssn': 'N/A', 'category': 'ENERGY & FUELS - SCIE$ENGINEERING, CHEMICAL - SCIE$ENGINEERING, PETROLEUM - SCIE', '2021-JIF': '0.595', '2021-Q': 'Q4', '2021-JCI': '0.14'}
not found===== Cell Journal {'Issn': '2228-5806', 'eIssn': '2228-5814', 'category': 'CELL BIOLOGY - SCIE', '2021-JIF': '3.128', '2021-Q': 'Q4', '2021-JCI': '0.39'}
not found===== Water Reuse {'Issn': '2709-6092', 'eIssn': '2709-6106', 'category': 'ENGINEERING, ENVIRONMENTAL - SCIE$WATER RESOURCES - SCIE', '2021-JIF': 'N/A', '2021-Q': 'N/A', '2021-JCI': 'N/A'}
not found===== CANADIAN JOURNAL OF VETERINARY RESEARCH-REVUE CANADIENNE DE RECHERCHE VETERINAIRE {'Issn': 'N/A', 'eIssn': '1928-9022', 'category': 'VETERINARY SCIENCES - SCIE', '2021-JIF': '0.897', '2021-Q': 'Q3', '2021-JCI': '0.55'}
not found===== European Poultry Science {'Issn': '1612-9199', 'eIssn': '1612-9199', 'category': 'AGRICULTURE, DAIRY & ANIMAL SCIENCE - SCIE', '2021-JIF': '0.552', '2021-Q': 'Q4', '2021-JCI': '0.26'}
hereafter: dist_AhciJcrMatchSub
not found===== FIDDLEHEAD {'Issn': '0015-0630', 'eIssn': '0015-0630', 'category': 'LITERARY REVIEWS - AHCI', '2021-JIF': 'N/A', '2021-Q': 'N/A', '2021-JCI': '0.82'}
not found===== Architect {'Issn': '1935-7001', 'eIssn': '1935-7001', 'category': 'ARCHITECTURE - AHCI', '2021-JIF': 'N/A', '2021-Q': 'N/A', '2021-JCI': '0.01'}
not found===== HISPAMERICA-REVISTA DE LITERATURA {'Issn': '0363-0471', 'eIssn': 'N/A', 'category': 'LITERATURE, ROMANCE - AHCI', '2021-JIF': 'N/A', '2021-Q': 'N/A', '2021-JCI': '0.20'}
not found===== INFINI {'Issn': '0754-023X', 'eIssn': 'N/A', 'category': 'LITERARY REVIEWS - AHCI', '2021-JIF': 'N/A', '2021-Q': 'N/A', '2021-JCI': '0.13'}
not found===== AEVUM-RASSEGNA DI SCIENZE STORICHE LINGUISTICHE E FILOLOGICHE {'Issn': '0001-9593', 'eIssn': '1827-787X', 'category': 'HUMANITIES, MULTIDISCIPLINARY - AHCI', '2021-JIF': 'N/A', '2021-Q': 'N/A', '2021-JCI': '0.18'}
not found===== Zeitschrift fur Katalanistik {'Issn': '0932-2221', 'eIssn': 'N/A', 'category': 'LANGUAGE & LINGUISTICS - AHCI$LITERATURE, ROMANCE - AHCI', '2021-JIF': 'N/A', '2021-Q': 'N/A', '2021-JCI': '1.18'}
not found===== Listy Filologicke {'Issn': '0024-4457', 'eIssn': '2570-9410', 'category': 'HUMANITIES, MULTIDISCIPLINARY - AHCI', '2021-JIF': 'N/A', '2021-Q': 'N/A', '2021-JCI': '0.93'}
not found===== Kunstiteaduslikke Uurimusi {'Issn': '1406-2860', 'eIssn': 'N/A', 'category': 'ART - AHCI', '2021-JIF': 'N/A', '2021-Q': 'N/A', '2021-JCI': '0.03'}
not found===== Marg-A Magazine of the Arts {'Issn': '0972-1444', 'eIssn': 'N/A', 'category': 'ART - AHCI$ASIAN STUDIES - AHCI', '2021-JIF': 'N/A', '2021-Q': 'N/A', '2021-JCI': '0.02'}
not found===== Revista de Etnografie si Folclor-Journal of Ethnography and Folklore {'Issn': '0034-8198', 'eIssn': '0034-8198', 'category': 'FOLKLORE - AHCI', '2021-JIF': 'N/A', '2021-Q': 'N/A', '2021-JCI': '0.13'}
not found===== Historisk Tidskrift {'Issn': '0345-469X', 'eIssn': 'N/A', 'category': 'HISTORY - AHCI', '2021-JIF': 'N/A', '2021-Q': 'N/A', '2021-JCI': '0.42'}
not found===== REVUE DES MUSEES DE FRANCE-REVUE DU LOUVRE {'Issn': '1962-4271', 'eIssn': 'N/A', 'category': 'ART - AHCI', '2021-JIF': 'N/A', '2021-Q': 'N/A', '2021-JCI': '0.08'}
not found===== Ayer {'Issn': '1134-2277', 'eIssn': '2255-5838', 'category': 'HISTORY - AHCI', '2021-JIF': 'N/A', '2021-Q': 'N/A', '2021-JCI': '0.35'}
not found===== ATHENAEUM-STUDI PERIODICI DI LETTERATURA E STORIA DELL ANTICHITA {'Issn': '0004-6574', 'eIssn': '0004-6574', 'category': 'CLASSICS - AHCI', '2021-JIF': 'N/A', '2021-Q': 'N/A', '2021-JCI': '1.21'}
not found===== Italianistica-Rivista di letteratura Italiana {'Issn': '0391-3368', 'eIssn': '1724-1677', 'category': 'LITERATURE, ROMANCE - AHCI', '2021-JIF': 'N/A', '2021-Q': 'N/A', '2021-JCI': '0.63'}
not found===== Journal of Specialised Translation {'Issn': '1740-357X', 'eIssn': '1740-357X', 'category': 'LANGUAGE & LINGUISTICS - AHCI', '2021-JIF': 'N/A', '2021-Q': 'N/A', '2021-JCI': '1.46'}
not found===== Sino-Christian Studies {'Issn': '1990-2670', 'eIssn': '2224-6606', 'category': 'RELIGION - AHCI', '2021-JIF': 'N/A', '2021-Q': 'N/A', '2021-JCI': '0.24'}
not found===== Anuario Calderoniano {'Issn': '1888-8046', 'eIssn': 'N/A', 'category': 'LITERATURE, ROMANCE - AHCI', '2021-JIF': 'N/A', '2021-Q': 'N/A', '2021-JCI': '0.38'}
not found===== EUROPE-REVUE LITTERAIRE MENSUELLE {'Issn': '0014-2751', 'eIssn': '0014-2751', 'category': 'LITERARY REVIEWS - AHCI', '2021-JIF': 'N/A', '2021-Q': 'N/A', '2021-JCI': '0.21'}
not found===== Disegnare Idee Immagini-Ideas Images {'Issn': '1123-9247', 'eIssn': '1123-9247', 'category': 'ARCHITECTURE - AHCI', '2021-JIF': 'N/A', '2021-Q': 'N/A', '2021-JCI': '0.05'}
not found===== History of Education & Childrens Literature {'Issn': '1971-1093', 'eIssn': '1971-1131', 'category': 'HISTORY - AHCI', '2021-JIF': 'N/A', '2021-Q': 'N/A', '2021-JCI': '0.35'}
not found===== AVANT SCENE OPERA {'Issn': '0295-1371', 'eIssn': 'N/A', 'category': 'MUSIC - AHCI', '2021-JIF': 'N/A', '2021-Q': 'N/A', '2021-JCI': '0.00'}
not found===== International Journal of Arts Management {'Issn': '1480-8986', 'eIssn': 'N/A', 'category': 'HUMANITIES, MULTIDISCIPLINARY - AHCI', '2021-JIF': 'N/A', '2021-Q': 'N/A', '2021-JCI': '1.16'}
not found===== PAPERS ON LANGUAGE AND LITERATURE {'Issn': '0031-1294', 'eIssn': 'N/A', 'category': 'LANGUAGE & LINGUISTICS - AHCI$LITERARY THEORY & CRITICISM - AHCI$LITERATURE - AHCI', '2021-JIF': 'N/A', '2021-Q': 'N/A', '2021-JCI': '0.21'}
not found===== Mediterranea-Ricerche Storiche {'Issn': '1828-230X', 'eIssn': 'N/A', 'category': 'HISTORY - AHCI', '2021-JIF': 'N/A', '2021-Q': 'N/A', '2021-JCI': '0.12'}
not found===== Convivium {'Issn': '0010-8235', 'eIssn': '2255-2855', 'category': 'PHILOSOPHY - AHCI', '2021-JIF': 'N/A', '2021-Q': 'N/A', '2021-JCI': '0.00'}
not found===== Construction History-International Journal of the Construction History Society {'Issn': '0267-7768', 'eIssn': 'N/A', 'category': 'ARCHITECTURE - AHCI$HISTORY - AHCI', '2021-JIF': 'N/A', '2021-Q': 'N/A', '2021-JCI': '0.31'}
not found===== Revue Roumaine de Linguistique-Romanian Review of Linguistics {'Issn': '0035-3957', 'eIssn': '0035-3957', 'category': 'LANGUAGE & LINGUISTICS - AHCI', '2021-JIF': 'N/A', '2021-Q': 'N/A', '2021-JCI': '0.19'}
not found===== Taida Journal of Art History {'Issn': '1023-2095', 'eIssn': 'N/A', 'category': 'ART - AHCI', '2021-JIF': 'N/A', '2021-Q': 'N/A', '2021-JCI': '0.42'}
not found===== MITTEILUNGEN DES KUNSTHISTORISCHEN INSTITUTES IN FLORENZ {'Issn': '0342-1201', 'eIssn': 'N/A', 'category': 'ART - AHCI', '2021-JIF': 'N/A', '2021-Q': 'N/A', '2021-JCI': '0.52'}
not found===== AKZENTE-ZEITSCHRIFT FUR LITERATUR {'Issn': '0002-3957', 'eIssn': 'N/A', 'category': 'LITERARY REVIEWS - AHCI', '2021-JIF': 'N/A', '2021-Q': 'N/A', '2021-JCI': '0.00'}
not found===== MODERNA SPRAK {'Issn': '2000-3560', 'eIssn': '2000-3560', 'category': 'LANGUAGE & LINGUISTICS - AHCI$LITERATURE - AHCI', '2021-JIF': 'N/A', '2021-Q': 'N/A', '2021-JCI': '0.42'}
not found===== Interdisciplinary Studies of Literature {'Issn': '2520-4920', 'eIssn': '2616-4566', 'category': 'LITERATURE - AHCI', '2021-JIF': 'N/A', '2021-Q': 'N/A', '2021-JCI': '0.20'}
not found===== Tuna-Ajalookultuuri Ajakiri {'Issn': '1406-4030', 'eIssn': 'N/A', 'category': 'HISTORY - AHCI', '2021-JIF': 'N/A', '2021-Q': 'N/A', '2021-JCI': '0.10'}
not found===== TRANSACTIONS OF THE ANCIENT MONUMENTS SOCIETY {'Issn': '0951-001X', 'eIssn': 'N/A', 'category': 'ARCHAEOLOGY - AHCI$ARCHITECTURE - AHCI', '2021-JIF': 'N/A', '2021-Q': 'N/A', '2021-JCI': '0.24'}
not found===== JOURNAL OF PRE-RAPHAELITE STUDIES-NEW SERIES {'Issn': '1060-149X', 'eIssn': 'N/A', 'category': 'HUMANITIES, MULTIDISCIPLINARY - AHCI', '2021-JIF': 'N/A', '2021-Q': 'N/A', '2021-JCI': '0.22'}
not found===== Teoria-Rivista di Filosofia {'Issn': '1122-1259', 'eIssn': 'N/A', 'category': 'PHILOSOPHY - AHCI', '2021-JIF': 'N/A', '2021-Q': 'N/A', '2021-JCI': '0.22'}
not found===== Popular Entertainment Studies {'Issn': '1837-9303', 'eIssn': '1837-9303', 'category': 'THEATER - AHCI', '2021-JIF': 'N/A', '2021-Q': 'N/A', '2021-JCI': '0.81'}
not found===== INTERPRETATION-A JOURNAL OF POLITICAL PHILOSOPHY {'Issn': '0020-9635', 'eIssn': '0020-9635', 'category': 'PHILOSOPHY - AHCI', '2021-JIF': 'N/A', '2021-Q': 'N/A', '2021-JCI': '0.14'}
not found===== Annales-Anali za Istrske in Mediteranske Studije-Series Historia et Sociologia {'Issn': '1408-5348', 'eIssn': '2591-1775', 'category': 'HUMANITIES, MULTIDISCIPLINARY - AHCI', '2021-JIF': 'N/A', '2021-Q': 'N/A', '2021-JCI': '0.99'}
not found===== PROSPETTIVA-RIVISTA DI STORIA DELL ARTE ANTICA E MODERNA {'Issn': '0394-0802', 'eIssn': '2239-7205', 'category': 'ART - AHCI', '2021-JIF': 'N/A', '2021-Q': 'N/A', '2021-JCI': '0.00'}
not found===== Galilaeana-Studies in Renaissance and Early Modern Science {'Issn': '1971-6052', 'eIssn': '1825-3903', 'category': 'HISTORY & PHILOSOPHY OF SCIENCE - AHCI', '2021-JIF': 'N/A', '2021-Q': 'N/A', '2021-JCI': '0.03'}
not found===== ROMANISTISCHE ZEITSCHRIFT FUR LITERATURGESCHICHTE-CAHIERS D HISTOIRE DES LITTERATURES ROMANES {'Issn': '0343-379X', 'eIssn': '2509-7474', 'category': 'LITERATURE, ROMANCE - AHCI', '2021-JIF': 'N/A', '2021-Q': 'N/A', '2021-JCI': '0.39'}
not found===== Studia Canonica {'Issn': '2295-3019', 'eIssn': '2295-3027', 'category': 'RELIGION - AHCI', '2021-JIF': 'N/A', '2021-Q': 'N/A', '2021-JCI': '0.38'}
not found===== Al-Shajarah {'Issn': '1394-6870', 'eIssn': '1394-6870', 'category': 'RELIGION - AHCI', '2021-JIF': 'N/A', '2021-Q': 'N/A', '2021-JCI': '0.52'}
not found===== Eikasmos-Quaderni Bolognesi di Filologia Classica {'Issn': '1121-8819', 'eIssn': '1121-8819', 'category': 'CLASSICS - AHCI', '2021-JIF': 'N/A', '2021-Q': 'N/A', '2021-JCI': '0.30'}
not found===== Atalante-Revista de Estudios Cinematograficos {'Issn': '1885-3730', 'eIssn': '2340-6992', 'category': 'FILM, RADIO, TELEVISION - AHCI', '2021-JIF': 'N/A', '2021-Q': 'N/A', '2021-JCI': '0.28'}
not found===== INSULA-REVISTA DE LETRAS Y CIENCIAS HUMANAS {'Issn': '0020-4536', 'eIssn': 'N/A', 'category': 'LITERARY THEORY & CRITICISM - AHCI', '2021-JIF': 'N/A', '2021-Q': 'N/A', '2021-JCI': '0.09'}
not found===== Bruniana & Campanelliana {'Issn': '1125-3819', 'eIssn': '1724-0441', 'category': 'MEDIEVAL & RENAISSANCE STUDIES - AHCI', '2021-JIF': 'N/A', '2021-Q': 'N/A', '2021-JCI': '0.47'}
not found===== BULGARIAN HISTORICAL REVIEW-REVUE BULGARE D HISTOIRE {'Issn': '0204-8906', 'eIssn': 'N/A', 'category': 'HISTORY - AHCI', '2021-JIF': 'N/A', '2021-Q': 'N/A', '2021-JCI': '0.23'}
not found===== Kwartalnik Historii Zydow-Jewish History Quarterly {'Issn': '1899-3044', 'eIssn': '1899-3044', 'category': 'HISTORY - AHCI', '2021-JIF': 'N/A', '2021-Q': 'N/A', '2021-JCI': '0.18'}
not found===== LIAS-Journal of Early Modern Intellectual Culture and its Sources {'Issn': '2033-4753', 'eIssn': '2033-5016', 'category': 'HUMANITIES, MULTIDISCIPLINARY - AHCI', '2021-JIF': 'N/A', '2021-Q': 'N/A', '2021-JCI': '0.43'}
not found===== HYLE {'Issn': '1433-5158', 'eIssn': '1617-4240', 'category': 'HISTORY & PHILOSOPHY OF SCIENCE - AHCI', '2021-JIF': 'N/A', '2021-Q': 'N/A', '2021-JCI': '0.16'}
not found===== ZEITSCHRIFT DES DEUTSCHEN VEREINS FUR KUNSTWISSENSCHAFT {'Issn': '0044-2135', 'eIssn': 'N/A', 'category': 'ART - AHCI', '2021-JIF': 'N/A', '2021-Q': 'N/A', '2021-JCI': '0.00'}
not found===== Akkadica {'Issn': '1378-5087', 'eIssn': '0779-7842', 'category': 'ARCHAEOLOGY - AHCI', '2021-JIF': 'N/A', '2021-Q': 'N/A', '2021-JCI': '0.16'}
not found===== Revue Roumaine de Philosophie {'Issn': '1220-5400', 'eIssn': 'N/A', 'category': 'PHILOSOPHY - AHCI', '2021-JIF': 'N/A', '2021-Q': 'N/A', '2021-JCI': '0.15'}
not found===== SALMAGUNDI-A QUARTERLY OF THE HUMANITIES AND SOCIAL SCIENCES {'Issn': '0036-3529', 'eIssn': 'N/A', 'category': 'LITERARY REVIEWS - AHCI', '2021-JIF': 'N/A', '2021-Q': 'N/A', '2021-JCI': '0.45'}
not found===== CITHARA-ESSAYS IN THE JUDEO-CHRISTIAN TRADITION {'Issn': '0009-7527', 'eIssn': '0009-7527', 'category': 'HUMANITIES, MULTIDISCIPLINARY - AHCI', '2021-JIF': 'N/A', '2021-Q': 'N/A', '2021-JCI': '0.07'}
not found===== CLIO-A JOURNAL OF LITERATURE HISTORY AND THE PHILOSOPHY OF HISTORY {'Issn': '0884-2043', 'eIssn': '0884-2043', 'category': 'HISTORY - AHCI$LITERARY THEORY & CRITICISM - AHCI$LITERATURE - AHCI$PHILOSOPHY - AHCI', '2021-JIF': 'N/A', '2021-Q': 'N/A', '2021-JCI': '0.80'}
not found===== Slovo a Slovesnost {'Issn': '0037-7031', 'eIssn': 'N/A', 'category': 'LANGUAGE & LINGUISTICS - AHCI', '2021-JIF': 'N/A', '2021-Q': 'N/A', '2021-JCI': '0.18'}
not found===== HISTORIA {'Issn': '1270-0835', 'eIssn': 'N/A', 'category': 'HISTORY - AHCI', '2021-JIF': 'N/A', '2021-Q': 'N/A', '2021-JCI': '0.01'}
not found===== AGENDA {'Issn': '0002-0796', 'eIssn': 'N/A', 'category': 'POETRY - AHCI', '2021-JIF': 'N/A', '2021-Q': 'N/A', '2021-JCI': '0.02'}
not found===== REVUE D HISTOIRE DU THEATRE {'Issn': '1291-2530', 'eIssn': 'N/A', 'category': 'THEATER - AHCI', '2021-JIF': 'N/A', '2021-Q': 'N/A', '2021-JCI': '0.00'}
not found===== ZEITSCHRIFT FUR GESCHICHTSWISSENSCHAFT {'Issn': '0044-2828', 'eIssn': 'N/A', 'category': 'HISTORY - AHCI', '2021-JIF': 'N/A', '2021-Q': 'N/A', '2021-JCI': '0.25'}
not found===== MONTANA-THE MAGAZINE OF WESTERN HISTORY {'Issn': '0026-9891', 'eIssn': '2328-4293', 'category': 'HISTORY - AHCI', '2021-JIF': 'N/A', '2021-Q': 'N/A', '2021-JCI': '0.27'}
not found===== APOLLO-The International Art Magazine {'Issn': '0003-6536', 'eIssn': '0003-6536', 'category': 'ART - AHCI', '2021-JIF': 'N/A', '2021-Q': 'N/A', '2021-JCI': '0.01'}
not found===== Quinzaines-Lettres Arts et Idees {'Issn': '2650-3794', 'eIssn': '2677-2507', 'category': 'LITERATURE - AHCI', '2021-JIF': 'N/A', '2021-Q': 'N/A', '2021-JCI': '0.00'}
not found===== MEANJIN {'Issn': '0025-6293', 'eIssn': '1448-8094', 'category': 'LITERARY REVIEWS - AHCI', '2021-JIF': 'N/A', '2021-Q': 'N/A', '2021-JCI': '0.54'}
not found===== Eirene-Studia Graeca et Latina {'Issn': '0046-1628', 'eIssn': 'N/A', 'category': 'CLASSICS - AHCI', '2021-JIF': 'N/A', '2021-Q': 'N/A', '2021-JCI': '0.05'}
hereafter: dist_SsciJcrMatchSub
not found===== Slovo a Slovesnost {'Issn': '0037-7031', 'eIssn': 'N/A', 'category': 'LINGUISTICS - SSCI', '2021-JIF': '0.227', '2021-Q': 'Q4', '2021-JCI': '0.18'}
not found===== POLITICA Y GOBIERNO {'Issn': '1665-2037', 'eIssn': 'N/A', 'category': 'POLITICAL SCIENCE - SSCI', '2021-JIF': '0.630', '2021-Q': 'Q4', '2021-JCI': '0.20'}
not found===== ERDE {'Issn': '0013-9998', 'eIssn': '0013-9998', 'category': 'GEOGRAPHY - SSCI', '2021-JIF': '1.257', '2021-Q': 'Q4', '2021-JCI': '0.36'}
not found===== Denver Law Review {'Issn': '2469-6463', 'eIssn': '2469-6463', 'category': 'LAW - SSCI', '2021-JIF': '0.654', '2021-Q': 'Q4', '2021-JCI': '0.50'}
not found===== JOURNAL OF THE COPYRIGHT SOCIETY OF THE USA {'Issn': '0886-3520', 'eIssn': 'N/A', 'category': 'LAW - SSCI', '2021-JIF': '0.500', '2021-Q': 'Q4', '2021-JCI': '0.29'}
not found===== Rutgers University Law Review {'Issn': '2374-3859', 'eIssn': 'N/A', 'category': 'LAW - SSCI', '2021-JIF': '0.187', '2021-Q': 'Q4', '2021-JCI': '0.36'}
not found===== Zeitschrift fur Soziologie der Erziehung und Sozialisation {'Issn': '1436-1957', 'eIssn': '1436-1957', 'category': 'EDUCATION & EDUCATIONAL RESEARCH - SSCI', '2021-JIF': '0.163', '2021-Q': 'Q4', '2021-JCI': '0.10'}
not found===== HYLE {'Issn': '1433-5158', 'eIssn': '1617-4240', 'category': 'HISTORY & PHILOSOPHY OF SCIENCE - SSCI', '2021-JIF': '0.167', '2021-Q': 'Q4', '2021-JCI': '0.16'}
not found===== Revista del CLAD Reforma y Democracia {'Issn': '1315-2378', 'eIssn': '1315-2378', 'category': 'POLITICAL SCIENCE - SSCI$PUBLIC ADMINISTRATION - SSCI', '2021-JIF': '0.204', '2021-Q': 'Q4', '2021-JCI': '0.06'}
not found===== Journal of Specialised Translation {'Issn': '1740-357X', 'eIssn': '1740-357X', 'category': 'LINGUISTICS - SSCI', '2021-JIF': '1.561', '2021-Q': 'Q2', '2021-JCI': '1.46'}
not found===== Research in Autism Spectrum Disorders {'Issn': '1750-9467', 'eIssn': '1878-0237', 'category': 'EDUCATION, SPECIAL - SSCI$PSYCHIATRY - SSCI$PSYCHOLOGY, DEVELOPMENTAL - SSCI$REHABILITATION - SSCI', '2021-JIF': '3.293', '2021-Q': 'Q1', '2021-JCI': '1.08'}
not found===== Epidemiologia & Prevenzione {'Issn': '1120-9763', 'eIssn': '2385-1937', 'category': 'PUBLIC, ENVIRONMENTAL & OCCUPATIONAL HEALTH - SSCI', '2021-JIF': '1.293', '2021-Q': 'Q4', '2021-JCI': '0.29'}
not found===== Australian Journal of Adult Learning {'Issn': '1443-1394', 'eIssn': 'N/A', 'category': 'EDUCATION & EDUCATIONAL RESEARCH - SSCI', '2021-JIF': '1.075', '2021-Q': 'Q4', '2021-JCI': '0.44'}
not found===== CATHOLIC UNIVERSITY LAW REVIEW {'Issn': '0008-8390', 'eIssn': '0008-8390', 'category': 'LAW - SSCI', '2021-JIF': '0.286', '2021-Q': 'Q4', '2021-JCI': '0.34'}
not found===== Alcohol Research-Current Reviews {'Issn': '1535-7414', 'eIssn': '1930-0573', 'category': 'SUBSTANCE ABUSE - SSCI', '2021-JIF': '7.654', '2021-Q': 'Q1', '2021-JCI': '1.73'}
not found===== FINANCE A UVER-CZECH JOURNAL OF ECONOMICS AND FINANCE {'Issn': '0015-1920', 'eIssn': '0015-1920', 'category': 'BUSINESS, FINANCE - SSCI', '2021-JIF': '0.292', '2021-Q': 'Q4', '2021-JCI': '0.21'}
not found===== Hong Kong Law Journal {'Issn': '0378-0600', 'eIssn': 'N/A', 'category': 'LAW - SSCI', '2021-JIF': '0.242', '2021-Q': 'Q4', '2021-JCI': '0.49'}
not found===== International Journal of Arts Management {'Issn': '1480-8986', 'eIssn': 'N/A', 'category': 'MANAGEMENT - SSCI', '2021-JIF': '0.579', '2021-Q': 'Q4', '2021-JCI': '1.16'}
not found===== Revista de Psicologia del Deporte {'Issn': '1132-239X', 'eIssn': '1988-5636', 'category': 'PSYCHOLOGY, APPLIED - SSCI', '2021-JIF': '0.936', '2021-Q': 'Q4', '2021-JCI': '0.26'}
not found===== Revue Roumaine de Linguistique-Romanian Review of Linguistics {'Issn': '0035-3957', 'eIssn': '0035-3957', 'category': 'LINGUISTICS - SSCI', '2021-JIF': '0.170', '2021-Q': 'Q4', '2021-JCI': '0.19'}
not found===== University of Pennsylvania Journal of International Law {'Issn': '1938-0283', 'eIssn': 'N/A', 'category': 'LAW - SSCI', '2021-JIF': '0.591', '2021-Q': 'Q4', '2021-JCI': '0.49'}
not found===== Asian Journal of WTO & International Health Law and Policy {'Issn': '1819-5164', 'eIssn': 'N/A', 'category': 'HEALTH POLICY & SERVICES - SSCI$INTERNATIONAL RELATIONS - SSCI$LAW - SSCI', '2021-JIF': '0.625', '2021-Q': 'Q4', '2021-JCI': '0.40'}
not found===== Ayer {'Issn': '1134-2277', 'eIssn': '2255-5838', 'category': 'HISTORY - SSCI', '2021-JIF': '0.316', '2021-Q': 'Q4', '2021-JCI': '0.35'}
not found===== GENERATIONS-JOURNAL OF THE AMERICAN SOCIETY ON AGING {'Issn': '0738-7806', 'eIssn': '0738-7806', 'category': 'GERONTOLOGY - SSCI', '2021-JIF': '0.342', '2021-Q': 'Q4', '2021-JCI': '0.08'}
13665
not found===== AQUA-Water Infrastructure Ecosystems and Society {'Issn': '2709-8028', 'eIssn': '2709-8036', 'category': 'ENGINEERING, CIVIL - SCIE$WATER RESOURCES - SCIE', '2021-JIF': 'N/A', '2021-Q': 'N/A', '2021-JCI': 'N/A'}
not found===== Proceedings of the Romanian Academy Series A-Mathematics Physics Technical Sciences Information Science {'Issn': '1454-9069', 'eIssn': 'N/A', 'category': 'MULTIDISCIPLINARY SCIENCES - SCIE', '2021-JIF': '0.734', '2021-Q': 'Q4', '2021-JCI': '0.31'}
not found===== Theoretical Biology Forum {'Issn': '2282-2593', 'eIssn': '2283-7175', 'category': 'BIOLOGY - SCIE', '2021-JIF': '0.455', '2021-Q': 'Q4', '2021-JCI': '0.04'}
not found===== Annali di Botanica {'Issn': '0365-0812', 'eIssn': '2239-3129', 'category': 'ENVIRONMENTAL SCIENCES - SCIE$PLANT SCIENCES - SCIE', '2021-JIF': '1.722', '2021-Q': 'Q3', '2021-JCI': '0.36'}
not found===== eMagRes {'Issn': '2055-6101', 'eIssn': '2055-6101', 'category': 'SPECTROSCOPY - SCIE', '2021-JIF': '0.852', '2021-Q': 'Q4', '2021-JCI': '0.44'}
not found===== AMPHIBIAN & REPTILE CONSERVATION {'Issn': '1083-446X', 'eIssn': 'N/A', 'category': 'ZOOLOGY - SCIE', '2021-JIF': '1.309', '2021-Q': 'Q3', '2021-JCI': '0.62'}
not found===== NOTORNIS {'Issn': '0029-4470', 'eIssn': '1177-7680', 'category': 'ORNITHOLOGY - SCIE', '2021-JIF': '0.500', '2021-Q': 'Q4', '2021-JCI': '0.93'}
not found===== Water Quality Research Journal {'Issn': '2709-8044', 'eIssn': '2709-8052', 'category': 'WATER RESOURCES - SCIE', '2021-JIF': 'N/A', '2021-Q': 'N/A', '2021-JCI': 'N/A'}
not found===== ANIMAL SCIENCE PAPERS AND REPORTS {'Issn': '0860-4037', 'eIssn': 'N/A', 'category': 'AGRICULTURE, DAIRY & ANIMAL SCIENCE - SCIE', '2021-JIF': '0.967', '2021-Q': 'Q4', '2021-JCI': '0.30'}
not found===== Geriatrie et Psychologie Neuropsychiatrie de Vieillissement {'Issn': '2115-8789', 'eIssn': '2115-7863', 'category': 'PSYCHIATRY - SCIE$PSYCHOLOGY - SCIE', '2021-JIF': '0.667', '2021-Q': 'Q4', '2021-JCI': '0.18'}
not found===== MALIMBUS {'Issn': '0331-3689', 'eIssn': 'N/A', 'category': 'ORNITHOLOGY - SCIE', '2021-JIF': '0.154', '2021-Q': 'Q4', '2021-JCI': '0.15'}
not found===== Ingegneria Sismica {'Issn': '0393-1420', 'eIssn': 'N/A', 'category': 'ENGINEERING, CIVIL - SCIE$ENGINEERING, GEOLOGICAL - SCIE', '2021-JIF': '2.875', '2021-Q': 'Q3', '2021-JCI': '0.70'}
not found===== J-FOR-Journal of Science & Technology for Forest Products and Processes {'Issn': '1927-6311', 'eIssn': '1927-632X', 'category': 'MATERIALS SCIENCE, PAPER & WOOD - SCIE', '2021-JIF': '0.400', '2021-Q': 'Q4', '2021-JCI': '0.07'}
not found===== TAIWANIA {'Issn': '0372-333X', 'eIssn': 'N/A', 'category': 'PLANT SCIENCES - SCIE', '2021-JIF': '0.816', '2021-Q': 'Q4', '2021-JCI': '0.28'}
not found===== WILDFOWL {'Issn': '0954-6324', 'eIssn': '2052-6458', 'category': 'ORNITHOLOGY - SCIE', '2021-JIF': '1.094', '2021-Q': 'Q3', '2021-JCI': '0.89'}
not found===== Veterinary Research Forum {'Issn': '2008-8140', 'eIssn': '2322-3618', 'category': 'ZOOLOGY - SCIE', '2021-JIF': '0.950', '2021-Q': 'Q4', '2021-JCI': '0.49'}
not found===== Acta Phytotaxonomica et Geobotanica {'Issn': '1346-7565', 'eIssn': '2189-7042', 'category': 'PLANT SCIENCES - SCIE', '2021-JIF': '0.395', '2021-Q': 'Q4', '2021-JCI': '0.17'}
not found===== Cell Journal {'Issn': '2228-5806', 'eIssn': '2228-5814', 'category': 'CELL BIOLOGY - SCIE', '2021-JIF': '3.128', '2021-Q': 'Q4', '2021-JCI': '0.39'}
not found===== Water Reuse {'Issn': '2709-6092', 'eIssn': '2709-6106', 'category': 'ENGINEERING, ENVIRONMENTAL - SCIE$WATER RESOURCES - SCIE', '2021-JIF': 'N/A', '2021-Q': 'N/A', '2021-JCI': 'N/A'}
not found===== European Poultry Science {'Issn': '1612-9199', 'eIssn': '1612-9199', 'category': 'AGRICULTURE, DAIRY & ANIMAL SCIENCE - SCIE', '2021-JIF': '0.552', '2021-Q': 'Q4', '2021-JCI': '0.26'}
not found===== FIDDLEHEAD {'Issn': '0015-0630', 'eIssn': '0015-0630', 'category': 'LITERARY REVIEWS - AHCI', '2021-JIF': 'N/A', '2021-Q': 'N/A', '2021-JCI': '0.82'}
not found===== INFINI {'Issn': '0754-023X', 'eIssn': 'N/A', 'category': 'LITERARY REVIEWS - AHCI', '2021-JIF': 'N/A', '2021-Q': 'N/A', '2021-JCI': '0.13'}
not found===== Kunstiteaduslikke Uurimusi {'Issn': '1406-2860', 'eIssn': 'N/A', 'category': 'ART - AHCI', '2021-JIF': 'N/A', '2021-Q': 'N/A', '2021-JCI': '0.03'}
not found===== Marg-A Magazine of the Arts {'Issn': '0972-1444', 'eIssn': 'N/A', 'category': 'ART - AHCI$ASIAN STUDIES - AHCI', '2021-JIF': 'N/A', '2021-Q': 'N/A', '2021-JCI': '0.02'}
not found===== Revista de Etnografie si Folclor-Journal of Ethnography and Folklore {'Issn': '0034-8198', 'eIssn': '0034-8198', 'category': 'FOLKLORE - AHCI', '2021-JIF': 'N/A', '2021-Q': 'N/A', '2021-JCI': '0.13'}
not found===== Ayer {'Issn': '1134-2277', 'eIssn': '2255-5838', 'category': 'HISTORY - SSCI', '2021-JIF': '0.316', '2021-Q': 'Q4', '2021-JCI': '0.35'}
not found===== Italianistica-Rivista di letteratura Italiana {'Issn': '0391-3368', 'eIssn': '1724-1677', 'category': 'LITERATURE, ROMANCE - AHCI', '2021-JIF': 'N/A', '2021-Q': 'N/A', '2021-JCI': '0.63'}
not found===== Journal of Specialised Translation {'Issn': '1740-357X', 'eIssn': '1740-357X', 'category': 'LINGUISTICS - SSCI', '2021-JIF': '1.561', '2021-Q': 'Q2', '2021-JCI': '1.46'}
not found===== Anuario Calderoniano {'Issn': '1888-8046', 'eIssn': 'N/A', 'category': 'LITERATURE, ROMANCE - AHCI', '2021-JIF': 'N/A', '2021-Q': 'N/A', '2021-JCI': '0.38'}
not found===== Disegnare Idee Immagini-Ideas Images {'Issn': '1123-9247', 'eIssn': '1123-9247', 'category': 'ARCHITECTURE - AHCI', '2021-JIF': 'N/A', '2021-Q': 'N/A', '2021-JCI': '0.05'}
not found===== PAPERS ON LANGUAGE AND LITERATURE {'Issn': '0031-1294', 'eIssn': 'N/A', 'category': 'LANGUAGE & LINGUISTICS - AHCI$LITERARY THEORY & CRITICISM - AHCI$LITERATURE - AHCI', '2021-JIF': 'N/A', '2021-Q': 'N/A', '2021-JCI': '0.21'}
not found===== Construction History-International Journal of the Construction History Society {'Issn': '0267-7768', 'eIssn': 'N/A', 'category': 'ARCHITECTURE - AHCI$HISTORY - AHCI', '2021-JIF': 'N/A', '2021-Q': 'N/A', '2021-JCI': '0.31'}
not found===== Taida Journal of Art History {'Issn': '1023-2095', 'eIssn': 'N/A', 'category': 'ART - AHCI', '2021-JIF': 'N/A', '2021-Q': 'N/A', '2021-JCI': '0.42'}
not found===== Interdisciplinary Studies of Literature {'Issn': '2520-4920', 'eIssn': '2616-4566', 'category': 'LITERATURE - AHCI', '2021-JIF': 'N/A', '2021-Q': 'N/A', '2021-JCI': '0.20'}
not found===== Tuna-Ajalookultuuri Ajakiri {'Issn': '1406-4030', 'eIssn': 'N/A', 'category': 'HISTORY - AHCI', '2021-JIF': 'N/A', '2021-Q': 'N/A', '2021-JCI': '0.10'}
not found===== Teoria-Rivista di Filosofia {'Issn': '1122-1259', 'eIssn': 'N/A', 'category': 'PHILOSOPHY - AHCI', '2021-JIF': 'N/A', '2021-Q': 'N/A', '2021-JCI': '0.22'}
not found===== Popular Entertainment Studies {'Issn': '1837-9303', 'eIssn': '1837-9303', 'category': 'THEATER - AHCI', '2021-JIF': 'N/A', '2021-Q': 'N/A', '2021-JCI': '0.81'}
not found===== Galilaeana-Studies in Renaissance and Early Modern Science {'Issn': '1971-6052', 'eIssn': '1825-3903', 'category': 'HISTORY & PHILOSOPHY OF SCIENCE - AHCI', '2021-JIF': 'N/A', '2021-Q': 'N/A', '2021-JCI': '0.03'}
not found===== Al-Shajarah {'Issn': '1394-6870', 'eIssn': '1394-6870', 'category': 'RELIGION - AHCI', '2021-JIF': 'N/A', '2021-Q': 'N/A', '2021-JCI': '0.52'}
not found===== Atalante-Revista de Estudios Cinematograficos {'Issn': '1885-3730', 'eIssn': '2340-6992', 'category': 'FILM, RADIO, TELEVISION - AHCI', '2021-JIF': 'N/A', '2021-Q': 'N/A', '2021-JCI': '0.28'}
not found===== Bruniana & Campanelliana {'Issn': '1125-3819', 'eIssn': '1724-0441', 'category': 'MEDIEVAL & RENAISSANCE STUDIES - AHCI', '2021-JIF': 'N/A', '2021-Q': 'N/A', '2021-JCI': '0.47'}
not found===== LIAS-Journal of Early Modern Intellectual Culture and its Sources {'Issn': '2033-4753', 'eIssn': '2033-5016', 'category': 'HUMANITIES, MULTIDISCIPLINARY - AHCI', '2021-JIF': 'N/A', '2021-Q': 'N/A', '2021-JCI': '0.43'}
not found===== Akkadica {'Issn': '1378-5087', 'eIssn': '0779-7842', 'category': 'ARCHAEOLOGY - AHCI', '2021-JIF': 'N/A', '2021-Q': 'N/A', '2021-JCI': '0.16'}
not found===== Revue Roumaine de Philosophie {'Issn': '1220-5400', 'eIssn': 'N/A', 'category': 'PHILOSOPHY - AHCI', '2021-JIF': 'N/A', '2021-Q': 'N/A', '2021-JCI': '0.15'}
not found===== APOLLO-The International Art Magazine {'Issn': '0003-6536', 'eIssn': '0003-6536', 'category': 'ART - AHCI', '2021-JIF': 'N/A', '2021-Q': 'N/A', '2021-JCI': '0.01'}
not found===== Quinzaines-Lettres Arts et Idees {'Issn': '2650-3794', 'eIssn': '2677-2507', 'category': 'LITERATURE - AHCI', '2021-JIF': 'N/A', '2021-Q': 'N/A', '2021-JCI': '0.00'}
not found===== Eirene-Studia Graeca et Latina {'Issn': '0046-1628', 'eIssn': 'N/A', 'category': 'CLASSICS - AHCI', '2021-JIF': 'N/A', '2021-Q': 'N/A', '2021-JCI': '0.05'}
not found===== Rutgers University Law Review {'Issn': '2374-3859', 'eIssn': 'N/A', 'category': 'LAW - SSCI', '2021-JIF': '0.187', '2021-Q': 'Q4', '2021-JCI': '0.36'}
not found===== Alcohol Research-Current Reviews {'Issn': '1535-7414', 'eIssn': '1930-0573', 'category': 'SUBSTANCE ABUSE - SSCI', '2021-JIF': '7.654', '2021-Q': 'Q1', '2021-JCI': '1.73'}
not found===== Hong Kong Law Journal {'Issn': '0378-0600', 'eIssn': 'N/A', 'category': 'LAW - SSCI', '2021-JIF': '0.242', '2021-Q': 'Q4', '2021-JCI': '0.49'}
not found===== Revista de Psicologia del Deporte {'Issn': '1132-239X', 'eIssn': '1988-5636', 'category': 'PSYCHOLOGY, APPLIED - SSCI', '2021-JIF': '0.936', '2021-Q': 'Q4', '2021-JCI': '0.26'}
13762
